0 info it worked if it ends with ok
1 verbose cli [ '/home/joker/.local/install/nodejs/bin/node',
1 verbose cli   '/home/joker/.local/install/nodejs/bin/npm',
1 verbose cli   'start' ]
2 info using npm@3.3.12
3 info using node@v5.5.0
4 verbose run-script [ 'prestart', 'start', 'poststart' ]
5 info lifecycle DaDash@1.0.0~prestart: DaDash@1.0.0
6 silly lifecycle DaDash@1.0.0~prestart: no script for prestart, continuing
7 info lifecycle DaDash@1.0.0~start: DaDash@1.0.0
8 verbose lifecycle DaDash@1.0.0~start: unsafe-perm in lifecycle true
9 verbose lifecycle DaDash@1.0.0~start: PATH: /home/joker/.local/install/nodejs/lib/node_modules/npm/bin/node-gyp-bin:/home/joker/Programming/SEN/da-dash/node_modules/.bin:/home/joker/.local/install/golang/bin:/mnt/73FC715062AB10E2/Go/goworkspace/bin:/home/joker/.local/install/nodejs/bin:/usr/local/sbin:/usr/local/bin:/usr/sbin:/usr/bin:/sbin:/bin:/usr/games:/usr/local/games:/home/joker/Installed Programs/Intel-IJ/bin:/home/joker/Installed Programs/
10 verbose lifecycle DaDash@1.0.0~start: CWD: /home/joker/Programming/SEN/da-dash
11 silly lifecycle DaDash@1.0.0~start: Args: [ '-c', 'webpack-dev-server --content-base build' ]
12 silly lifecycle DaDash@1.0.0~start: Returned: code: 1  signal: null
13 info lifecycle DaDash@1.0.0~start: Failed to exec start script
14 verbose stack Error: DaDash@1.0.0 start: `webpack-dev-server --content-base build`
14 verbose stack Exit status 1
14 verbose stack     at EventEmitter.<anonymous> (/home/joker/.local/install/nodejs/lib/node_modules/npm/lib/utils/lifecycle.js:232:16)
14 verbose stack     at emitTwo (events.js:100:13)
14 verbose stack     at EventEmitter.emit (events.js:185:7)
14 verbose stack     at ChildProcess.<anonymous> (/home/joker/.local/install/nodejs/lib/node_modules/npm/lib/utils/spawn.js:24:14)
14 verbose stack     at emitTwo (events.js:100:13)
14 verbose stack     at ChildProcess.emit (events.js:185:7)
14 verbose stack     at maybeClose (internal/child_process.js:821:16)
14 verbose stack     at Process.ChildProcess._handle.onexit (internal/child_process.js:211:5)
15 verbose pkgid DaDash@1.0.0
16 verbose cwd /home/joker/Programming/SEN/da-dash
17 error Linux 3.13.0-85-generic
18 error argv "/home/joker/.local/install/nodejs/bin/node" "/home/joker/.local/install/nodejs/bin/npm" "start"
19 error node v5.5.0
20 error npm  v3.3.12
21 error code ELIFECYCLE
22 error DaDash@1.0.0 start: `webpack-dev-server --content-base build`
22 error Exit status 1
23 error Failed at the DaDash@1.0.0 start script 'webpack-dev-server --content-base build'.
23 error Make sure you have the latest version of node.js and npm installed.
23 error If you do, this is most likely a problem with the DaDash package,
23 error not with npm itself.
23 error Tell the author that this fails on your system:
23 error     webpack-dev-server --content-base build
23 error You can get their info via:
23 error     npm owner ls DaDash
23 error There is likely additional logging output above.
24 verbose exit [ 1, true ]
